<?xml version="1.0" encoding="UTF-8"?>
<!-- Generated by org.testng.reporters.JUnitReportReporter -->
<testsuite skipped="0" hostname="Babu" name="testcases.TC002_LogInFailer" tests="2" failures="0" timestamp="12 Nov 2017 06:41:45 GMT" time="29.622" errors="0">
  <testcase name="loginFail" time="16.172" classname="testcases.TC002_LogInFailer"/>
  <testcase name="loginFail" time="13.450" classname="testcases.TC002_LogInFailer"/>
</testsuite> <!-- testcases.TC002_LogInFailer -->
