<?xml version="1.0" encoding="UTF-8"?>
<!-- Generated by org.testng.reporters.JUnitReportReporter -->
<testsuite hostname="Vicky-PC" name="testcases.TC004_EditLead" tests="2" failures="0" timestamp="12 Nov 2017 15:13:24 GMT" time="70.416" errors="0">
  <testcase name="editLead" time="38.504" classname="testcases.TC004_EditLead"/>
  <testcase name="editLead" time="31.912" classname="testcases.TC004_EditLead"/>
</testsuite> <!-- testcases.TC004_EditLead -->
