<?xml version="1.0" encoding="UTF-8"?>
<!-- Generated by org.testng.reporters.JUnitReportReporter -->
<testsuite hostname="Vicky-PC" name="testcases.TC005_DuplicateLead" tests="2" failures="0" timestamp="12 Nov 2017 17:22:05 GMT" time="138.851" errors="0">
  <testcase name="editLead" time="39.664" classname="testcases.TC005_DuplicateLead"/>
  <testcase name="editLead" time="99.187" classname="testcases.TC005_DuplicateLead"/>
</testsuite> <!-- testcases.TC005_DuplicateLead -->
