<?xml version="1.0" encoding="UTF-8"?>
<!-- Generated by org.testng.reporters.JUnitReportReporter -->
<testsuite skipped="1" hostname="Babu" name="testcases.TC001_Login2" tests="2" failures="0" timestamp="12 Nov 2017 03:03:00 GMT" time="19.977" errors="1">
  <testcase name="login" time="10.502" classname="testcases.TC001_Login2">
    <error type="java.lang.NullPointerException">
      <![CDATA[java.lang.NullPointerException
	at wdMethods.SeMethods.getTitle(SeMethods.java:152)
	at wdMethods.SeMethods.verifyTitle(SeMethods.java:192)
	at pages.LoginPage.<init>(LoginPage.java:22)
	at testcases.TC001_Login2.login(TC001_Login2.java:24)
	at sun.reflect.NativeMethodAccessorImpl.invoke0(Native Method)
	at sun.reflect.NativeMethodAccessorImpl.invoke(NativeMethodAccessorImpl.java:62)
	at sun.reflect.DelegatingMethodAccessorImpl.invoke(DelegatingMethodAccessorImpl.java:43)
	at java.lang.reflect.Method.invoke(Method.java:483)
	at org.testng.internal.MethodInvocationHelper.invokeMethod(MethodInvocationHelper.java:108)
	at org.testng.internal.Invoker.invokeMethod(Invoker.java:661)
	at org.testng.internal.Invoker.invokeTestMethod(Invoker.java:869)
	at org.testng.internal.Invoker.invokeTestMethods(Invoker.java:1193)
	at org.testng.internal.TestMethodWorker.invokeTestMethods(TestMethodWorker.java:126)
	at org.testng.internal.TestMethodWorker.run(TestMethodWorker.java:109)
	at java.util.concurrent.ThreadPoolExecutor.runWorker(ThreadPoolExecutor.java:1142)
	at java.util.concurrent.ThreadPoolExecutor$Worker.run(ThreadPoolExecutor.java:617)
	at java.lang.Thread.run(Thread.java:744)
]]>
    </error>
  </testcase> <!-- login -->
  <testcase name="login" time="9.475" classname="testcases.TC001_Login2">
    <skipped/>
  </testcase> <!-- login -->
</testsuite> <!-- testcases.TC001_Login2 -->
